<?xml version="1.0" encoding="UTF-8"?>
<testsuite name="Inplace matrix transpose" tests="9" skipped="0" failures="0" errors="0" timestamp="2021-12-13T13:37:59" hostname="Kristofs-MacBook-Pro-2.local" time="0.015">
  <properties/>
  <testcase name="should be the same when transposed twice" classname="matrix_multiplication.MatrixTest$Inplace_matrix_transpose" time="0.001"/>
  <testcase name="[1] 2" classname="matrix_multiplication.MatrixTest$Inplace_matrix_transpose" time="0.002"/>
  <testcase name="[2] 4" classname="matrix_multiplication.MatrixTest$Inplace_matrix_transpose" time="0.0"/>
  <testcase name="[3] 8" classname="matrix_multiplication.MatrixTest$Inplace_matrix_transpose" time="0.0"/>
  <testcase name="[4] 16" classname="matrix_multiplication.MatrixTest$Inplace_matrix_transpose" time="0.0"/>
  <testcase name="[5] 32" classname="matrix_multiplication.MatrixTest$Inplace_matrix_transpose" time="0.001"/>
  <testcase name="[6] 64" classname="matrix_multiplication.MatrixTest$Inplace_matrix_transpose" time="0.001"/>
  <testcase name="[7] 128" classname="matrix_multiplication.MatrixTest$Inplace_matrix_transpose" time="0.001"/>
  <testcase name="[8] 256" classname="matrix_multiplication.MatrixTest$Inplace_matrix_transpose" time="0.004"/>
  <system-out><![CDATA[]]></system-out>
  <system-err><![CDATA[]]></system-err>
</testsuite>
